[2026-02-08T15:50:46.941Z] API Called: 20770 in 5774955826
[2026-02-08T15:50:46.944Z] 
--- STARTING REAL DOWNLOAD ---
[2026-02-08T15:50:46.944Z] Chat ID: 5774955826
[2026-02-08T15:50:46.945Z] Message ID: 20770
[2026-02-08T15:50:46.945Z] Target: /home/javaadde/Downloads/TeleCool/Demon.Slayer.S03E02.JPN-ENG.720p.10bit.WEBRip.2CH.x265.H.mkv
[2026-02-08T15:50:46.946Z] Fetching message...
[2026-02-08T15:50:47.470Z] Media Type: VirtualClass
[2026-02-08T15:50:53.019Z] Download progress [20770]: 0.0%
[2026-02-08T15:50:59.683Z] Download progress [20770]: 0.0%
[2026-02-08T15:51:05.928Z] Download progress [20770]: 0.0%
[2026-02-08T16:02:38.604Z] API Called: 20770 in 5774955826
[2026-02-08T16:02:38.605Z] 
--- STARTING REAL DOWNLOAD ---
[2026-02-08T16:02:38.606Z] Chat ID: 5774955826
[2026-02-08T16:02:38.607Z] Message ID: 20770
[2026-02-08T16:02:38.607Z] Target: /home/javaadde/Downloads/TeleCool/Demon.Slayer.S03E02.JPN-ENG.720p.10bit.WEBRip.2CH.x265.H.mkv
[2026-02-08T16:02:38.608Z] Fetching message...
[2026-02-08T16:02:38.761Z] Media Type: VirtualClass
[2026-02-08T16:02:42.569Z] Download progress [20770]: 0.0%
[2026-02-08T16:02:43.936Z] Download progress [20770]: 0.0%
[2026-02-08T16:02:44.310Z] Download progress [20770]: 0.0%
[2026-02-08T16:02:45.321Z] Download progress [20770]: 0.0%
[2026-02-08T16:02:45.803Z] Download progress [20770]: 0.0%
[2026-02-08T16:02:46.984Z] Download progress [20770]: 0.0%
[2026-02-08T16:02:47.457Z] Download progress [20770]: 0.0%
[2026-02-08T16:02:48.243Z] Download progress [20770]: 0.0%
[2026-02-08T16:02:48.848Z] Download progress [20770]: 0.0%
[2026-02-08T16:02:49.703Z] Download progress [20770]: 0.0%
[2026-02-08T16:02:50.665Z] Download progress [20770]: 0.0%
[2026-02-08T16:02:51.425Z] Download progress [20770]: 0.0%
[2026-02-08T16:02:52.346Z] Download progress [20770]: 0.0%
[2026-02-08T16:02:53.424Z] Download progress [20770]: 0.0%
[2026-02-08T16:02:54.039Z] Download progress [20770]: 0.0%
[2026-02-08T16:02:55.454Z] Download progress [20770]: 0.0%
[2026-02-08T16:02:56.038Z] Download progress [20770]: 0.0%
[2026-02-08T16:02:56.970Z] Download progress [20770]: 0.0%
[2026-02-08T16:02:58.156Z] Download progress [20770]: 0.0%
[2026-02-08T16:02:59.114Z] Download progress [20770]: 0.0%
[2026-02-08T16:03:00.205Z] Download progress [20770]: 0.0%
[2026-02-08T16:03:05.635Z] Download progress [20770]: 0.0%
[2026-02-08T16:03:06.720Z] Download progress [20770]: 0.0%
[2026-02-08T16:03:08.149Z] Download progress [20770]: 0.0%
[2026-02-08T16:03:09.643Z] Download progress [20770]: 0.0%
[2026-02-08T16:03:10.687Z] Download progress [20770]: 0.0%
[2026-02-08T16:03:12.562Z] Download progress [20770]: 0.0%
[2026-02-08T16:03:13.667Z] Download progress [20770]: 0.0%
[2026-02-08T16:03:14.834Z] Download progress [20770]: 0.0%
[2026-02-08T16:03:17.080Z] Download progress [20770]: 0.0%
[2026-02-08T16:03:18.200Z] Download progress [20770]: 0.0%
[2026-02-08T16:03:20.364Z] Download progress [20770]: 0.0%
[2026-02-08T16:03:22.075Z] Download progress [20770]: 0.0%
[2026-02-08T16:03:24.210Z] Download progress [20770]: 0.0%
[2026-02-08T16:03:26.187Z] Download progress [20770]: 0.0%
[2026-02-08T16:03:28.668Z] Download progress [20770]: 0.0%
[2026-02-08T16:03:31.405Z] Download progress [20770]: 0.0%
[2026-02-08T16:03:33.547Z] Download progress [20770]: 0.0%
[2026-02-08T16:03:37.002Z] Download progress [20770]: 0.0%
[2026-02-08T16:03:39.979Z] Download progress [20770]: 0.0%
[2026-02-08T16:03:42.417Z] Download progress [20770]: 0.0%
[2026-02-08T16:03:45.738Z] Download progress [20770]: 0.0%
[2026-02-08T16:03:50.109Z] Download progress [20770]: 0.0%
[2026-02-08T16:03:54.748Z] Download progress [20770]: 0.0%
[2026-02-08T16:03:59.047Z] Download progress [20770]: 0.0%
[2026-02-08T16:04:02.796Z] Download progress [20770]: 0.0%
[2026-02-08T16:04:07.149Z] Download progress [20770]: 0.0%
[2026-02-08T16:04:11.301Z] Download progress [20770]: 0.0%
[2026-02-08T16:04:16.352Z] Download progress [20770]: 0.0%
[2026-02-08T16:04:21.892Z] Download progress [20770]: 0.0%
[2026-02-08T16:04:28.386Z] Download progress [20770]: 0.0%
[2026-02-08T16:04:34.571Z] Download progress [20770]: 0.0%
[2026-02-08T16:04:41.663Z] Download progress [20770]: 0.0%
[2026-02-08T16:04:49.072Z] Download progress [20770]: 0.0%
[2026-02-08T16:04:55.780Z] Download progress [20770]: 0.0%
[2026-02-08T16:05:03.444Z] Download progress [20770]: 0.0%
[2026-02-08T16:05:11.951Z] Download progress [20770]: 0.0%
[2026-02-08T16:05:17.618Z] Download progress [20770]: 0.0%
[2026-02-08T16:05:22.583Z] Download progress [20770]: 0.0%
[2026-02-08T16:05:26.928Z] Download progress [20770]: 0.0%
[2026-02-08T16:05:33.050Z] Download progress [20770]: 0.0%
[2026-02-08T16:05:39.561Z] Download progress [20770]: 0.0%
[2026-02-08T16:05:46.500Z] Download progress [20770]: 0.0%
[2026-02-08T16:05:54.496Z] Download progress [20770]: 0.0%
[2026-02-08T16:06:02.211Z] Download progress [20770]: 0.0%
[2026-02-08T16:06:11.084Z] Download progress [20770]: 0.0%
[2026-02-08T16:06:19.471Z] Download progress [20770]: 0.0%
[2026-02-08T16:06:29.175Z] Download progress [20770]: 0.0%
[2026-02-08T16:06:39.157Z] Download progress [20770]: 0.0%
[2026-02-08T16:06:45.011Z] Download progress [20770]: 0.0%
[2026-02-08T16:06:51.215Z] Download progress [20770]: 0.0%
[2026-02-08T16:06:58.623Z] Download progress [20770]: 0.0%
[2026-02-08T16:07:05.129Z] Download progress [20770]: 0.0%
[2026-02-08T16:07:13.085Z] Download progress [20770]: 0.0%
[2026-02-08T16:07:21.886Z] Download progress [20770]: 0.0%
[2026-02-08T16:07:32.801Z] Download progress [20770]: 0.0%
[2026-02-08T16:07:44.925Z] Download progress [20770]: 0.0%
[2026-02-08T16:07:55.317Z] Download progress [20770]: 0.0%
[2026-02-08T16:08:05.523Z] Download progress [20770]: 0.0%
[2026-02-08T16:08:13.934Z] Download progress [20770]: 0.0%
[2026-02-08T16:08:21.573Z] Download progress [20770]: 0.0%
[2026-02-08T16:08:29.066Z] Download progress [20770]: 0.0%
[2026-02-08T16:08:35.750Z] Download progress [20770]: 0.0%
[2026-02-08T16:08:43.878Z] Download progress [20770]: 0.0%
[2026-02-08T16:08:50.465Z] Download progress [20770]: 0.0%
[2026-02-08T16:08:56.342Z] Download progress [20770]: 0.0%
[2026-02-08T16:09:04.252Z] Download progress [20770]: 0.0%
[2026-02-08T16:09:12.313Z] Download progress [20770]: 0.0%
[2026-02-08T16:09:21.921Z] Download progress [20770]: 0.0%
[2026-02-08T16:09:33.365Z] Download progress [20770]: 0.0%
[2026-02-08T16:09:42.554Z] Download progress [20770]: 0.0%
[2026-02-08T16:09:54.574Z] Download progress [20770]: 0.0%
[2026-02-08T16:10:07.868Z] Download progress [20770]: 0.0%
[2026-02-08T16:10:19.946Z] Download progress [20770]: 0.0%
[2026-02-08T16:10:26.894Z] Download progress [20770]: 0.0%
[2026-02-08T16:10:34.503Z] Download progress [20770]: 0.0%
[2026-02-08T16:10:42.253Z] Download progress [20770]: 0.0%
[2026-02-08T16:10:53.618Z] Download progress [20770]: 0.0%
[2026-02-08T16:11:07.526Z] Download progress [20770]: 0.0%
[2026-02-08T16:11:24.298Z] Download progress [20770]: 0.0%
[2026-02-08T16:11:33.173Z] Download progress [20770]: 0.0%
[2026-02-08T16:11:41.720Z] Download progress [20770]: 0.0%
[2026-02-08T16:11:51.795Z] Download progress [20770]: 0.0%
[2026-02-08T16:12:01.629Z] Download progress [20770]: 0.0%
[2026-02-08T16:12:15.060Z] Download progress [20770]: 0.0%
[2026-02-08T16:12:26.974Z] Download progress [20770]: 0.0%
[2026-02-08T16:12:39.263Z] Download progress [20770]: 0.0%
[2026-02-08T16:12:47.968Z] Download progress [20770]: 0.0%
[2026-02-08T16:12:54.665Z] Download progress [20770]: 0.0%
[2026-02-08T16:13:02.856Z] Download progress [20770]: 0.0%
[2026-02-08T16:13:09.889Z] Download progress [20770]: 0.0%
[2026-02-08T16:13:19.794Z] Download progress [20770]: 0.0%
[2026-02-08T16:13:27.433Z] Download progress [20770]: 0.0%
[2026-02-08T16:13:35.334Z] Download progress [20770]: 0.0%
[2026-02-08T16:13:44.447Z] Download progress [20770]: 0.0%
[2026-02-08T16:13:53.194Z] Download progress [20770]: 0.0%
[2026-02-08T16:14:03.770Z] Download progress [20770]: 0.0%
[2026-02-08T16:14:13.390Z] Download progress [20770]: 0.0%
[2026-02-08T16:14:20.877Z] Download progress [20770]: 0.0%
[2026-02-08T16:14:29.433Z] Download progress [20770]: 0.0%
[2026-02-08T16:14:36.239Z] Download progress [20770]: 0.0%
[2026-02-08T16:14:42.712Z] Download progress [20770]: 0.0%
[2026-02-08T16:14:49.612Z] Download progress [20770]: 0.0%
[2026-02-08T16:14:56.413Z] Download progress [20770]: 0.0%
[2026-02-08T16:15:04.942Z] Download progress [20770]: 0.0%
[2026-02-08T16:15:13.258Z] Download progress [20770]: 0.0%
[2026-02-08T16:15:21.967Z] Download progress [20770]: 0.0%
[2026-02-08T16:15:31.586Z] Download progress [20770]: 0.0%
[2026-02-08T16:15:42.238Z] Download progress [20770]: 0.0%
[2026-02-08T16:15:51.425Z] Download progress [20770]: 0.0%
[2026-02-08T16:16:04.383Z] Download progress [20770]: 0.0%
[2026-02-08T16:16:13.783Z] Download progress [20770]: 0.0%
[2026-02-08T16:16:27.932Z] Download progress [20770]: 0.0%
[2026-02-08T16:16:37.552Z] Download progress [20770]: 0.0%
[2026-02-08T16:16:39.169Z] API Called: 20770 in 5774955826
[2026-02-08T16:16:39.171Z] 
--- STARTING REAL DOWNLOAD ---
[2026-02-08T16:16:39.171Z] Chat ID: 5774955826
[2026-02-08T16:16:39.172Z] Message ID: 20770
[2026-02-08T16:16:39.172Z] Target: /home/javaadde/Downloads/TeleCool/Demon.Slayer.S03E02.JPN-ENG.720p.10bit.WEBRip.2CH.x265.H.mkv
[2026-02-08T16:16:39.173Z] Fetching message...
[2026-02-08T16:16:39.327Z] Media Type: VirtualClass
[2026-02-08T16:16:48.730Z] Download progress [20770]: 0.0%
[2026-02-08T16:16:57.340Z] Download progress [20770]: 0.0%
[2026-02-08T16:17:06.460Z] Download progress [20770]: 0.0%
[2026-02-08T16:17:15.036Z] Download progress [20770]: 0.0%
[2026-02-08T16:17:23.654Z] Download progress [20770]: 0.0%
[2026-02-08T16:17:33.279Z] Download progress [20770]: 0.0%
[2026-02-08T16:17:52.482Z] Download progress [20770]: 0.0%
[2026-02-08T16:18:03.991Z] Download progress [20770]: 0.0%
[2026-02-08T16:18:14.969Z] Download progress [20770]: 0.0%
[2026-02-08T16:18:24.238Z] Download progress [20770]: 0.0%
[2026-02-08T16:18:31.132Z] Download progress [20770]: 0.0%
[2026-02-08T16:18:37.072Z] Download progress [20770]: 0.0%
[2026-02-08T16:18:45.366Z] Download progress [20770]: 0.0%
[2026-02-08T16:18:53.066Z] Download progress [20770]: 0.0%
[2026-02-08T16:18:56.062Z] API Called: 20771 in 5774955826
[2026-02-08T16:18:56.063Z] 
--- STARTING REAL DOWNLOAD ---
[2026-02-08T16:18:56.064Z] Chat ID: 5774955826
[2026-02-08T16:18:56.064Z] Message ID: 20771
[2026-02-08T16:18:56.065Z] Target: /home/javaadde/Downloads/TeleCool/Demon.Slayer.S03E03.JPN-ENG.720p.10bit.WEBRip.2CH.x265.H.mkv
[2026-02-08T16:18:56.066Z] Fetching message...
[2026-02-08T16:18:56.239Z] Media Type: VirtualClass
[2026-02-08T16:19:02.644Z] Download progress [20770]: 0.0%
[2026-02-08T16:19:11.527Z] Download progress [20770]: 0.0%
[2026-02-08T16:19:21.242Z] Download progress [20770]: 0.0%
[2026-02-08T16:19:40.694Z] Download progress [20771]: 0.0%
[2026-02-08T16:19:48.840Z] Download progress [20770]: 0.0%
[2026-02-08T16:19:57.780Z] Download progress [20770]: 0.0%
[2026-02-08T16:20:04.946Z] Download progress [20770]: 0.0%
[2026-02-08T16:20:25.312Z] Download progress [20771]: 0.0%
[2026-02-08T16:20:37.344Z] Download progress [20770]: 0.0%
[2026-02-08T16:20:52.029Z] Download progress [20770]: 0.0%
[2026-02-08T16:21:05.158Z] Download progress [20770]: 0.0%
[2026-02-08T16:21:19.884Z] Download progress [20771]: 0.0%
[2026-02-08T16:21:28.367Z] Download progress [20770]: 0.0%
[2026-02-08T16:21:36.355Z] Download progress [20770]: 0.0%
[2026-02-08T16:21:45.615Z] Download progress [20770]: 0.0%
[2026-02-08T16:22:00.241Z] Download progress [20771]: 0.0%
[2026-02-08T16:22:06.896Z] Download progress [20770]: 0.0%
[2026-02-08T16:22:13.229Z] Download progress [20770]: 0.0%
[2026-02-08T16:22:18.518Z] Download progress [20770]: 0.0%
[2026-02-08T16:22:30.847Z] Download progress [20771]: 0.0%
[2026-02-08T16:22:39.405Z] Download progress [20770]: 0.0%
[2026-02-08T16:22:48.422Z] Download progress [20770]: 0.0%
[2026-02-08T16:22:57.776Z] Download progress [20770]: 0.0%
[2026-02-08T16:23:18.315Z] Download progress [20771]: 0.0%
[2026-02-08T16:23:32.404Z] Download progress [20770]: 0.0%
[2026-02-08T16:23:45.772Z] Download progress [20770]: 0.0%
[2026-02-08T16:23:52.443Z] Download progress [20770]: 0.0%
[2026-02-08T16:24:09.652Z] Download progress [20771]: 0.0%
[2026-02-08T16:24:17.741Z] Download progress [20770]: 0.0%
[2026-02-08T16:24:26.592Z] Download progress [20770]: 0.0%
[2026-02-08T16:24:53.896Z] Download progress [20770]: 0.0%
[2026-02-08T16:25:20.900Z] API Called: 20770 in 5774955826
[2026-02-08T16:25:20.902Z] 
--- STARTING REAL DOWNLOAD ---
[2026-02-08T16:25:20.902Z] Target: /home/javaadde/Downloads/TeleCool/Demon.Slayer.S03E02.JPN-ENG.720p.10bit.WEBRip.2CH.x265.H.mkv
[2026-02-08T16:25:20.903Z] Fetching message...
[2026-02-08T16:25:21.124Z] Media Type: VirtualClass
[2026-02-08T16:25:21.130Z] Downloading Demon.Slayer.S03E02.JPN-ENG.720p.10bit.WEBRip.2CH.x265.H.mkv...
[2026-02-08T16:25:24.474Z] Download progress [20771]: 0.0%
[2026-02-08T16:25:39.141Z] Download progress [20770]: 0.0%
[2026-02-08T16:25:55.103Z] Download progress [20770]: 0.0%
[2026-02-08T16:26:11.116Z] Download progress [20770]: 0.0%
[2026-02-08T16:26:28.956Z] Real Storage Sync [20770]: 0.0%
[2026-02-08T16:27:02.569Z] Real Storage Sync [20770]: 0.0%
[2026-02-08T16:27:05.012Z] Download progress [20771]: 0.0%
[2026-02-08T16:27:05.217Z] Download progress [20770]: 0.0%
[2026-02-08T16:27:06.835Z] Download progress [20770]: 0.0%
[2026-02-08T16:27:06.855Z] Download progress [20770]: 0.0%
[2026-02-08T16:27:07.115Z] Real Storage Sync [20770]: 0.0%
[2026-02-08T16:27:07.959Z] Download progress [20771]: 0.0%
[2026-02-08T16:27:08.322Z] Download progress [20770]: 0.0%
[2026-02-08T16:27:09.130Z] Download progress [20770]: 0.0%
[2026-02-08T16:27:10.157Z] Download progress [20770]: 0.0%
[2026-02-08T16:27:10.839Z] Real Storage Sync [20770]: 0.0%
[2026-02-08T16:27:11.677Z] Download progress [20771]: 0.0%
[2026-02-08T16:27:12.282Z] Download progress [20770]: 0.0%
[2026-02-08T16:27:13.493Z] Download progress [20770]: 0.0%
[2026-02-08T16:27:14.202Z] Download progress [20770]: 0.0%
[2026-02-08T16:27:14.247Z] Real Storage Sync [20770]: 0.0%
[2026-02-08T16:27:15.691Z] Download progress [20771]: 0.0%
[2026-02-08T16:27:16.020Z] Download progress [20770]: 0.0%
[2026-02-08T16:27:16.578Z] Download progress [20770]: 0.0%
[2026-02-08T16:27:17.500Z] Download progress [20770]: 0.0%
[2026-02-08T16:27:18.093Z] Real Storage Sync [20770]: 0.0%
[2026-02-08T16:27:19.557Z] Download progress [20771]: 0.0%
[2026-02-08T16:27:21.021Z] Download progress [20770]: 0.0%
[2026-02-08T16:27:21.370Z] Download progress [20770]: 0.0%
[2026-02-08T16:27:22.144Z] Download progress [20770]: 0.0%
[2026-02-08T16:27:22.537Z] Real Storage Sync [20770]: 0.0%
[2026-02-08T16:27:25.095Z] Download progress [20771]: 0.0%
[2026-02-08T16:27:26.207Z] Download progress [20770]: 0.0%
[2026-02-08T16:27:26.626Z] Download progress [20770]: 0.0%
[2026-02-08T16:27:28.017Z] Download progress [20770]: 0.0%
[2026-02-08T16:27:29.057Z] Real Storage Sync [20770]: 0.0%
[2026-02-08T16:27:31.788Z] Download progress [20771]: 0.0%
[2026-02-08T16:27:32.925Z] Download progress [20770]: 0.0%
[2026-02-08T16:27:33.958Z] Download progress [20770]: 0.0%
[2026-02-08T16:27:35.327Z] Download progress [20770]: 0.0%
[2026-02-08T16:27:36.190Z] Real Storage Sync [20770]: 0.0%
[2026-02-08T16:27:39.106Z] Download progress [20771]: 0.0%
[2026-02-08T16:27:40.348Z] Download progress [20770]: 0.0%
[2026-02-08T16:27:42.188Z] Download progress [20770]: 0.0%
[2026-02-08T16:27:43.704Z] Download progress [20770]: 0.0%
[2026-02-08T16:27:45.351Z] Real Storage Sync [20770]: 0.0%
[2026-02-08T16:27:48.638Z] Download progress [20771]: 0.0%
[2026-02-08T16:27:50.034Z] Download progress [20770]: 0.0%
[2026-02-08T16:27:52.339Z] Download progress [20770]: 0.0%
[2026-02-08T16:27:54.658Z] Download progress [20770]: 0.0%
[2026-02-08T16:27:56.309Z] Real Storage Sync [20770]: 0.0%
[2026-02-08T16:28:01.637Z] Download progress [20771]: 0.0%
[2026-02-08T16:28:04.683Z] Download progress [20770]: 0.0%
[2026-02-08T16:28:07.171Z] Download progress [20770]: 0.0%
[2026-02-08T16:28:09.848Z] Download progress [20770]: 0.0%
[2026-02-08T16:28:12.991Z] Real Storage Sync [20770]: 0.0%
[2026-02-08T16:28:20.495Z] Download progress [20771]: 0.0%
[2026-02-08T16:28:24.441Z] Download progress [20770]: 0.0%
[2026-02-08T16:28:28.361Z] Download progress [20770]: 0.0%
[2026-02-08T16:28:32.094Z] Download progress [20770]: 0.0%
[2026-02-08T16:28:38.035Z] Real Storage Sync [20770]: 0.0%
[2026-02-08T16:28:46.820Z] Download progress [20771]: 0.0%
[2026-02-08T16:28:51.745Z] Download progress [20770]: 0.0%
[2026-02-08T16:28:57.954Z] Download progress [20770]: 0.0%
[2026-02-08T16:29:04.161Z] Download progress [20770]: 0.0%
[2026-02-08T16:29:09.285Z] Real Storage Sync [20770]: 0.0%
[2026-02-08T16:29:20.736Z] Download progress [20771]: 0.0%
[2026-02-08T16:29:26.415Z] Download progress [20770]: 0.0%
[2026-02-08T16:29:33.679Z] Download progress [20770]: 0.0%
[2026-02-08T16:29:43.805Z] Download progress [20770]: 0.0%
[2026-02-08T16:29:52.685Z] Real Storage Sync [20770]: 0.0%
[2026-02-08T16:30:11.508Z] Download progress [20771]: 0.0%
[2026-02-08T16:30:22.709Z] Download progress [20770]: 0.0%
[2026-02-08T16:30:32.036Z] Download progress [20770]: 0.0%
[2026-02-08T16:30:40.005Z] Download progress [20770]: 0.0%
[2026-02-08T16:30:49.470Z] Real Storage Sync [20770]: 0.0%
[2026-02-08T16:31:08.360Z] Download progress [20771]: 0.0%
[2026-02-08T16:31:18.562Z] Download progress [20770]: 0.0%
[2026-02-08T16:31:33.934Z] Download progress [20770]: 0.0%
[2026-02-08T16:31:50.497Z] Download progress [20770]: 0.0%
[2026-02-08T16:32:11.290Z] Real Storage Sync [20770]: 0.0%
[2026-02-08T16:32:53.592Z] Real Storage Sync [20770]: 0.0%
[2026-02-08T16:33:13.881Z] Download progress [20771]: 0.0%
[2026-02-08T16:33:30.467Z] Download progress [20770]: 0.0%
[2026-02-08T16:33:42.098Z] Download progress [20770]: 0.0%
[2026-02-08T16:33:49.521Z] Download progress [20770]: 0.0%
[2026-02-08T16:33:56.020Z] Real Storage Sync [20770]: 0.0%
[2026-02-08T16:34:23.980Z] Download progress [20771]: 0.0%
[2026-02-08T16:34:33.279Z] Download progress [20770]: 0.0%
[2026-02-08T16:34:43.781Z] Download progress [20770]: 0.0%
[2026-02-08T16:34:59.843Z] Download progress [20770]: 0.0%
[2026-02-08T16:35:16.635Z] Real Storage Sync [20770]: 0.0%
[2026-02-08T16:35:45.452Z] Download progress [20771]: 0.0%
[2026-02-08T16:36:04.618Z] Download progress [20770]: 0.0%
[2026-02-08T16:36:12.021Z] Download progress [20770]: 0.0%
[2026-02-08T16:36:21.958Z] Download progress [20770]: 0.0%
[2026-02-08T16:36:32.988Z] Real Storage Sync [20770]: 0.0%
[2026-02-08T16:36:50.927Z] Download progress [20771]: 0.0%
[2026-02-08T16:37:01.247Z] Download progress [20770]: 0.0%
[2026-02-08T16:37:13.821Z] Download progress [20770]: 0.0%
[2026-02-08T16:37:25.885Z] Download progress [20770]: 0.0%
[2026-02-08T16:37:34.454Z] Real Storage Sync [20770]: 0.0%
[2026-02-08T16:37:54.629Z] Download progress [20771]: 0.0%
[2026-02-08T16:38:06.596Z] Download progress [20770]: 0.0%
[2026-02-08T16:38:24.325Z] Download progress [20770]: 0.0%
[2026-02-08T16:38:40.545Z] Download progress [20770]: 0.0%
[2026-02-08T16:38:55.338Z] Real Storage Sync [20770]: 0.0%
[2026-02-08T16:39:33.744Z] Real Storage Sync [20770]: 0.0%
[2026-02-08T16:39:42.369Z] Download progress [20770]: 0.0%
[2026-02-08T16:40:02.524Z] Download progress [20771]: 0.0%
[2026-02-08T16:40:18.325Z] Download progress [20770]: 0.0%
[2026-02-08T16:40:36.577Z] Download progress [20770]: 0.0%
[2026-02-08T16:40:49.260Z] Real Storage Sync [20770]: 0.0%
[2026-02-08T16:41:01.088Z] Download progress [20770]: 0.0%
[2026-02-08T16:41:29.492Z] Download progress [20771]: 0.0%
[2026-02-08T16:41:50.651Z] Download progress [20770]: 0.0%
[2026-02-08T16:42:11.072Z] Download progress [20770]: 0.0%
[2026-02-08T16:42:28.794Z] Real Storage Sync [20770]: 0.0%
[2026-02-08T16:42:41.448Z] Download progress [20770]: 0.0%
[2026-02-08T16:43:04.285Z] Download progress [20771]: 0.0%
[2026-02-08T16:43:16.534Z] Download progress [20770]: 0.0%
[2026-02-08T16:43:35.254Z] Download progress [20770]: 0.0%
[2026-02-08T16:43:55.423Z] Real Storage Sync [20770]: 0.0%
[2026-02-08T16:44:16.395Z] Download progress [20770]: 0.0%
[2026-02-08T16:45:18.752Z] Download progress [20770]: 0.0%
[2026-02-08T16:45:20.091Z] Download progress [20771]: 0.0%
[2026-02-08T16:45:20.282Z] Real Storage Sync [20770]: 0.0%
[2026-02-08T16:45:20.488Z] Download progress [20770]: 0.0%
[2026-02-08T16:45:21.336Z] Download progress [20770]: 0.0%
[2026-02-08T16:45:21.358Z] Download progress [20770]: 0.0%
[2026-02-08T16:45:22.394Z] Download progress [20771]: 0.0%
[2026-02-08T16:45:22.876Z] Real Storage Sync [20770]: 0.0%
[2026-02-08T16:45:23.650Z] Download progress [20770]: 0.0%
[2026-02-08T16:45:24.027Z] Download progress [20770]: 0.0%
[2026-02-08T16:45:24.640Z] Download progress [20770]: 0.0%
[2026-02-08T16:45:26.038Z] Download progress [20771]: 0.0%
[2026-02-08T16:45:26.968Z] Real Storage Sync [20770]: 0.0%
[2026-02-08T16:45:27.384Z] Download progress [20770]: 0.0%
[2026-02-08T16:45:27.947Z] Download progress [20770]: 0.0%
[2026-02-08T16:45:28.711Z] Download progress [20770]: 0.0%
[2026-02-08T16:45:30.213Z] Download progress [20771]: 0.0%
[2026-02-08T16:45:30.796Z] Real Storage Sync [20770]: 0.0%
[2026-02-08T16:45:32.492Z] Download progress [20770]: 0.0%
[2026-02-08T16:45:33.101Z] Download progress [20770]: 0.0%
[2026-02-08T16:45:34.167Z] Download progress [20770]: 0.0%
[2026-02-08T16:45:36.555Z] Download progress [20771]: 0.0%
[2026-02-08T16:45:37.272Z] Real Storage Sync [20770]: 0.0%
[2026-02-08T16:45:38.217Z] Download progress [20770]: 0.0%
[2026-02-08T16:45:39.236Z] Download progress [20770]: 0.0%
[2026-02-08T16:45:40.534Z] Download progress [20770]: 0.0%
[2026-02-08T16:45:43.171Z] Download progress [20771]: 0.0%
[2026-02-08T16:45:44.965Z] Real Storage Sync [20770]: 0.0%
[2026-02-08T16:45:46.571Z] Download progress [20770]: 0.0%
[2026-02-08T16:45:47.749Z] Download progress [20770]: 0.0%
[2026-02-08T16:45:49.034Z] Download progress [20770]: 0.0%
[2026-02-08T16:45:52.927Z] Download progress [20771]: 0.0%
[2026-02-08T16:45:54.675Z] Real Storage Sync [20770]: 0.0%
[2026-02-08T16:45:56.593Z] Download progress [20770]: 0.0%
[2026-02-08T16:45:58.698Z] Download progress [20770]: 0.0%
[2026-02-08T16:46:01.316Z] Download progress [20770]: 0.0%
[2026-02-08T16:46:06.947Z] Download progress [20771]: 0.0%
[2026-02-08T16:46:10.586Z] Real Storage Sync [20770]: 0.0%
[2026-02-08T16:46:13.175Z] Download progress [20770]: 0.0%
[2026-02-08T16:46:16.734Z] Download progress [20770]: 0.0%
[2026-02-08T16:46:20.753Z] Download progress [20770]: 0.0%
[2026-02-08T16:46:28.318Z] Download progress [20771]: 0.0%
[2026-02-08T16:46:32.801Z] Real Storage Sync [20770]: 0.0%
[2026-02-08T16:46:38.160Z] Download progress [20770]: 0.0%
[2026-02-08T16:46:44.768Z] Download progress [20770]: 0.0%
[2026-02-08T16:46:49.336Z] Download progress [20770]: 0.0%
[2026-02-08T16:46:58.881Z] Download progress [20771]: 0.0%
[2026-02-08T16:47:03.460Z] Real Storage Sync [20770]: 0.0%
[2026-02-08T16:47:08.375Z] Download progress [20770]: 0.0%
[2026-02-08T16:47:13.333Z] Download progress [20770]: 0.0%
[2026-02-08T16:47:20.652Z] Download progress [20770]: 0.0%
[2026-02-08T16:47:32.439Z] Download progress [20771]: 0.0%
[2026-02-08T16:47:38.745Z] Real Storage Sync [20770]: 0.0%
[2026-02-08T16:47:48.505Z] Download progress [20770]: 0.0%
[2026-02-08T16:47:54.561Z] Download progress [20770]: 0.0%
[2026-02-08T16:48:01.182Z] Download progress [20770]: 0.0%
[2026-02-08T16:48:15.218Z] Download progress [20771]: 0.0%
[2026-02-08T16:48:22.359Z] Real Storage Sync [20770]: 0.0%
[2026-02-08T16:48:31.285Z] Download progress [20770]: 0.0%
[2026-02-08T16:48:40.623Z] Download progress [20770]: 0.0%
[2026-02-08T16:48:51.133Z] Download progress [20770]: 0.0%
[2026-02-08T16:49:00.791Z] Download progress [20771]: 0.0%
[2026-02-08T16:49:04.268Z] Real Storage Sync [20770]: 0.0%
[2026-02-08T16:49:08.334Z] Download progress [20770]: 0.0%
[2026-02-08T16:49:13.125Z] Download progress [20770]: 0.0%
[2026-02-08T16:49:18.918Z] Download progress [20770]: 0.0%
[2026-02-08T16:49:33.028Z] Download progress [20771]: 0.0%
[2026-02-08T16:49:41.372Z] Real Storage Sync [20770]: 0.0%
[2026-02-08T16:49:49.076Z] Download progress [20770]: 0.0%
[2026-02-08T16:49:57.199Z] Download progress [20770]: 0.0%
[2026-02-08T16:50:05.080Z] Download progress [20770]: 0.0%
[2026-02-08T16:50:27.521Z] Download progress [20771]: 0.0%
[2026-02-08T16:50:49.679Z] Real Storage Sync [20770]: 0.0%
[2026-02-08T16:51:01.710Z] Download progress [20770]: 0.0%
[2026-02-08T16:51:13.807Z] Download progress [20770]: 0.0%
[2026-02-08T16:51:22.481Z] Download progress [20770]: 0.0%
[2026-02-08T16:51:47.143Z] Download progress [20771]: 0.0%
[2026-02-08T16:51:56.553Z] Real Storage Sync [20770]: 0.0%
[2026-02-08T16:52:10.741Z] Download progress [20770]: 0.0%
[2026-02-08T16:52:19.681Z] Download progress [20770]: 0.0%
[2026-02-08T16:52:28.464Z] Download progress [20770]: 0.0%
[2026-02-08T16:52:43.161Z] Download progress [20771]: 0.0%
[2026-02-08T16:52:51.405Z] Real Storage Sync [20770]: 0.0%
[2026-02-08T16:52:56.514Z] Download progress [20770]: 0.0%
[2026-02-08T16:53:02.988Z] Download progress [20770]: 0.0%
[2026-02-08T16:53:08.821Z] Download progress [20770]: 0.0%
[2026-02-08T16:53:20.803Z] Download progress [20771]: 0.0%
[2026-02-08T16:53:31.144Z] Real Storage Sync [20770]: 0.0%
[2026-02-08T16:53:39.955Z] Download progress [20770]: 0.0%
[2026-02-08T16:53:48.718Z] Download progress [20770]: 0.0%
[2026-02-08T16:54:03.914Z] Download progress [20770]: 0.0%
[2026-02-08T16:54:39.652Z] Real Storage Sync [20770]: 0.0%
[2026-02-08T16:54:40.703Z] Download progress [20770]: 0.0%
[2026-02-08T16:54:43.236Z] Download progress [20771]: 0.0%
[2026-02-08T16:54:45.259Z] Download progress [20770]: 0.0%
[2026-02-08T16:54:46.380Z] Download progress [20770]: 0.0%
[2026-02-08T16:54:47.765Z] Real Storage Sync [20770]: 0.0%
[2026-02-08T16:54:49.331Z] Download progress [20770]: 0.0%
[2026-02-08T16:54:52.710Z] Download progress [20771]: 0.0%
[2026-02-08T16:54:53.924Z] Download progress [20770]: 0.0%
[2026-02-08T16:54:55.392Z] Download progress [20770]: 0.0%
[2026-02-08T16:54:56.724Z] Real Storage Sync [20770]: 0.0%
[2026-02-08T16:54:58.254Z] Download progress [20770]: 0.0%
[2026-02-08T16:55:01.914Z] Download progress [20771]: 0.0%
[2026-02-08T16:55:03.573Z] Download progress [20770]: 0.0%
[2026-02-08T16:55:05.463Z] Download progress [20770]: 0.0%
[2026-02-08T16:55:07.068Z] Real Storage Sync [20770]: 0.0%
[2026-02-08T16:55:08.893Z] Download progress [20770]: 0.0%
[2026-02-08T16:55:12.296Z] Download progress [20771]: 0.0%
[2026-02-08T16:55:14.772Z] Download progress [20770]: 0.0%
[2026-02-08T16:55:16.816Z] Download progress [20770]: 0.0%
[2026-02-08T16:55:19.262Z] Real Storage Sync [20770]: 0.0%
[2026-02-08T16:55:21.568Z] Download progress [20770]: 0.0%
[2026-02-08T16:55:26.695Z] Download progress [20771]: 0.0%
[2026-02-08T16:55:29.068Z] Download progress [20770]: 0.0%
[2026-02-08T16:55:31.405Z] Download progress [20770]: 0.0%
[2026-02-08T16:55:33.824Z] Real Storage Sync [20770]: 0.0%
[2026-02-08T16:55:36.279Z] Download progress [20770]: 0.0%
[2026-02-08T16:55:40.173Z] Download progress [20771]: 0.0%
[2026-02-08T16:55:42.392Z] Download progress [20770]: 0.0%
[2026-02-08T16:55:44.890Z] Download progress [20770]: 0.0%
[2026-02-08T16:55:47.636Z] Real Storage Sync [20770]: 0.0%
[2026-02-08T16:55:50.033Z] Download progress [20770]: 0.0%
[2026-02-08T16:55:54.888Z] Download progress [20771]: 0.0%
[2026-02-08T16:55:57.294Z] Download progress [20770]: 0.0%
[2026-02-08T16:56:00.117Z] Download progress [20770]: 0.0%
[2026-02-08T16:56:02.991Z] Real Storage Sync [20770]: 0.0%
[2026-02-08T16:56:05.723Z] Download progress [20770]: 0.0%
[2026-02-08T16:56:12.100Z] Download progress [20771]: 0.0%
[2026-02-08T16:56:15.064Z] Download progress [20770]: 0.0%
[2026-02-08T16:56:18.088Z] Download progress [20770]: 0.0%
[2026-02-08T16:56:21.130Z] Real Storage Sync [20770]: 0.0%
[2026-02-08T16:56:22.817Z] Download progress [20770]: 0.0%
[2026-02-08T16:56:27.046Z] Download progress [20771]: 0.0%
[2026-02-08T16:56:29.171Z] Download progress [20770]: 0.0%
[2026-02-08T16:56:30.864Z] Download progress [20770]: 0.0%
[2026-02-08T16:56:32.930Z] Real Storage Sync [20770]: 0.0%
[2026-02-08T16:56:34.150Z] Download progress [20770]: 0.0%
[2026-02-08T16:56:37.083Z] Download progress [20771]: 0.0%
[2026-02-08T16:56:38.127Z] Download progress [20770]: 0.0%
[2026-02-08T16:56:39.880Z] Download progress [20770]: 0.0%
[2026-02-08T16:56:41.205Z] Real Storage Sync [20770]: 0.0%
[2026-02-08T16:56:42.612Z] Download progress [20770]: 0.0%
[2026-02-08T16:56:45.267Z] Download progress [20771]: 0.0%
[2026-02-08T16:56:46.463Z] Download progress [20770]: 0.0%
[2026-02-08T16:56:47.629Z] Download progress [20770]: 0.0%
[2026-02-08T16:56:48.823Z] Real Storage Sync [20770]: 0.0%
[2026-02-08T16:56:50.376Z] Download progress [20770]: 0.0%
[2026-02-08T16:56:52.708Z] Download progress [20771]: 0.0%
[2026-02-08T16:56:53.894Z] Download progress [20770]: 0.0%
[2026-02-08T16:56:54.977Z] Download progress [20770]: 0.0%
[2026-02-08T16:56:56.515Z] Real Storage Sync [20770]: 0.0%
[2026-02-08T16:56:57.592Z] Download progress [20770]: 0.0%
[2026-02-08T16:57:00.276Z] Download progress [20771]: 0.0%
[2026-02-08T16:57:01.604Z] Download progress [20770]: 0.0%
[2026-02-08T16:57:02.934Z] Download progress [20770]: 0.0%
[2026-02-08T16:57:04.487Z] Real Storage Sync [20770]: 0.0%
[2026-02-08T16:57:05.670Z] Download progress [20770]: 0.0%
[2026-02-08T16:57:08.112Z] Download progress [20771]: 0.0%
[2026-02-08T16:57:09.339Z] Download progress [20770]: 0.0%
[2026-02-08T16:57:10.669Z] Download progress [20770]: 0.0%
[2026-02-08T16:57:12.284Z] Real Storage Sync [20770]: 0.0%
[2026-02-08T16:57:13.536Z] Download progress [20770]: 0.0%
[2026-02-08T16:57:16.002Z] Download progress [20771]: 0.0%
[2026-02-08T16:57:16.823Z] Download progress [20770]: 0.0%
[2026-02-08T16:57:17.583Z] Download progress [20770]: 0.0%
[2026-02-08T16:57:18.536Z] Real Storage Sync [20770]: 0.0%
[2026-02-08T16:57:19.417Z] Download progress [20770]: 0.0%
[2026-02-08T16:57:21.155Z] Download progress [20771]: 0.0%
[2026-02-08T16:57:22.216Z] Download progress [20770]: 0.0%
[2026-02-08T16:57:23.288Z] Download progress [20770]: 0.0%
[2026-02-08T16:57:24.155Z] Real Storage Sync [20770]: 0.0%
[2026-02-08T16:57:25.541Z] Download progress [20770]: 0.0%
[2026-02-08T16:57:27.123Z] Download progress [20771]: 0.0%
[2026-02-08T16:57:27.967Z] Download progress [20770]: 0.0%
[2026-02-08T16:57:28.888Z] Download progress [20770]: 0.0%
[2026-02-08T16:57:29.602Z] Real Storage Sync [20770]: 0.0%
[2026-02-08T16:57:30.869Z] Download progress [20770]: 0.0%
[2026-02-08T16:57:33.224Z] Download progress [20771]: 0.0%
[2026-02-08T16:57:34.299Z] Download progress [20770]: 0.0%
[2026-02-08T16:57:35.023Z] Download progress [20770]: 0.0%
[2026-02-08T16:57:35.854Z] Real Storage Sync [20770]: 0.0%
[2026-02-08T16:57:37.030Z] Download progress [20770]: 0.0%
[2026-02-08T16:57:38.870Z] Download progress [20771]: 0.0%
[2026-02-08T16:57:39.550Z] Download progress [20770]: 0.0%
[2026-02-08T16:57:40.176Z] Download progress [20770]: 0.0%
[2026-02-08T16:57:40.926Z] Real Storage Sync [20770]: 0.0%
[2026-02-08T16:57:41.678Z] Download progress [20770]: 0.0%
[2026-02-08T16:57:43.246Z] Download progress [20771]: 0.0%
[2026-02-08T16:57:43.536Z] Download progress [20770]: 0.0%
[2026-02-08T16:57:45.341Z] Download progress [20770]: 0.0%
[2026-02-08T16:57:45.994Z] Real Storage Sync [20770]: 0.0%
[2026-02-08T16:57:46.342Z] Download progress [20770]: 0.0%
[2026-02-08T16:57:47.609Z] Download progress [20771]: 0.0%
[2026-02-08T16:57:47.959Z] Download progress [20770]: 0.0%
[2026-02-08T16:57:48.515Z] Download progress [20770]: 0.0%
[2026-02-08T16:57:49.230Z] Real Storage Sync [20770]: 0.0%
[2026-02-08T16:57:49.763Z] Download progress [20770]: 0.0%
[2026-02-08T16:57:50.762Z] Download progress [20771]: 0.0%
[2026-02-08T16:57:51.167Z] Download progress [20770]: 0.0%
[2026-02-08T16:57:51.874Z] Download progress [20770]: 0.0%
[2026-02-08T16:57:52.439Z] Real Storage Sync [20770]: 0.0%
[2026-02-08T16:57:53.331Z] Download progress [20770]: 0.0%
[2026-02-08T16:57:54.882Z] Download progress [20771]: 0.0%
[2026-02-08T16:57:55.391Z] Download progress [20770]: 0.0%
[2026-02-08T16:57:56.220Z] Download progress [20770]: 0.0%
[2026-02-08T16:57:57.105Z] Real Storage Sync [20770]: 0.0%
[2026-02-08T16:57:57.465Z] Download progress [20770]: 0.0%
[2026-02-08T16:57:59.058Z] Download progress [20771]: 0.0%
[2026-02-08T16:58:00.041Z] Download progress [20770]: 0.0%
[2026-02-08T16:58:00.737Z] Download progress [20770]: 0.0%
[2026-02-08T16:58:01.543Z] Real Storage Sync [20770]: 0.0%
[2026-02-08T16:58:02.025Z] Download progress [20770]: 0.0%
[2026-02-08T16:58:03.590Z] Download progress [20771]: 0.0%
[2026-02-08T16:58:04.524Z] Download progress [20770]: 0.0%
[2026-02-08T16:58:05.412Z] Download progress [20770]: 0.0%
[2026-02-08T16:58:06.275Z] Real Storage Sync [20770]: 0.0%
[2026-02-08T16:58:07.592Z] Download progress [20770]: 0.0%
[2026-02-08T16:58:08.632Z] Download progress [20771]: 0.0%
[2026-02-08T16:58:09.984Z] Download progress [20770]: 0.0%
[2026-02-08T16:58:12.333Z] Download progress [20770]: 0.0%
[2026-02-08T16:58:12.347Z] Real Storage Sync [20770]: 0.0%
[2026-02-08T16:58:12.477Z] Download progress [20770]: 0.0%
[2026-02-08T16:58:14.754Z] Download progress [20771]: 0.0%
[2026-02-08T16:58:15.457Z] Download progress [20770]: 0.0%
[2026-02-08T16:58:16.734Z] Download progress [20770]: 0.0%
[2026-02-08T16:58:18.090Z] Real Storage Sync [20770]: 0.0%
[2026-02-08T16:58:18.898Z] Download progress [20770]: 0.0%
[2026-02-08T16:58:21.172Z] Download progress [20771]: 0.0%
[2026-02-08T16:58:22.408Z] Download progress [20770]: 0.0%
[2026-02-08T16:58:23.149Z] Download progress [20770]: 0.0%
[2026-02-08T16:58:24.398Z] Real Storage Sync [20770]: 0.0%
[2026-02-08T16:58:25.201Z] Download progress [20770]: 0.0%
[2026-02-08T16:58:27.821Z] Download progress [20771]: 0.0%
[2026-02-08T16:58:28.459Z] Download progress [20770]: 0.0%
[2026-02-08T16:58:29.691Z] Download progress [20770]: 0.0%
[2026-02-08T16:58:30.505Z] Real Storage Sync [20770]: 0.0%
[2026-02-08T16:58:31.291Z] Download progress [20770]: 0.0%
[2026-02-08T16:58:33.386Z] Download progress [20771]: 0.0%
[2026-02-08T16:58:34.000Z] Download progress [20770]: 0.0%
[2026-02-08T16:58:34.866Z] Download progress [20770]: 0.0%
[2026-02-08T16:58:35.428Z] Real Storage Sync [20770]: 0.0%
[2026-02-08T16:58:36.321Z] Download progress [20770]: 0.0%
[2026-02-08T16:58:38.931Z] Download progress [20771]: 0.0%
[2026-02-08T16:58:39.844Z] Download progress [20770]: 0.0%
[2026-02-08T16:58:40.786Z] Download progress [20770]: 0.0%
[2026-02-08T16:58:42.405Z] Real Storage Sync [20770]: 0.0%
[2026-02-08T16:58:43.186Z] Download progress [20770]: 0.0%
[2026-02-08T16:58:45.587Z] Download progress [20771]: 0.0%
[2026-02-08T16:58:46.357Z] Download progress [20770]: 0.0%
[2026-02-08T16:58:47.440Z] Download progress [20770]: 0.0%
[2026-02-08T16:58:48.360Z] Real Storage Sync [20770]: 0.0%
[2026-02-08T16:58:50.038Z] Download progress [20770]: 0.0%
[2026-02-08T16:58:52.421Z] Download progress [20771]: 0.0%
[2026-02-08T16:58:53.438Z] Download progress [20770]: 0.0%
[2026-02-08T16:58:54.932Z] Download progress [20770]: 0.0%
[2026-02-08T16:58:56.096Z] Real Storage Sync [20770]: 0.0%
[2026-02-08T16:58:57.711Z] Download progress [20770]: 0.0%
[2026-02-08T16:59:00.855Z] Download progress [20771]: 0.0%
[2026-02-08T16:59:02.321Z] Download progress [20770]: 0.0%
[2026-02-08T16:59:03.680Z] Download progress [20770]: 0.0%
[2026-02-08T16:59:05.272Z] Real Storage Sync [20770]: 0.0%
[2026-02-08T16:59:06.641Z] Download progress [20770]: 0.0%
[2026-02-08T16:59:10.473Z] Download progress [20771]: 0.0%
[2026-02-08T16:59:12.355Z] Download progress [20770]: 0.0%
[2026-02-08T16:59:14.046Z] Download progress [20770]: 0.0%
[2026-02-08T16:59:15.986Z] Real Storage Sync [20770]: 0.0%
[2026-02-08T16:59:17.977Z] Download progress [20770]: 0.0%
[2026-02-08T16:59:21.942Z] Download progress [20771]: 0.0%
[2026-02-08T16:59:24.011Z] Download progress [20770]: 0.0%
[2026-02-08T16:59:25.901Z] Download progress [20770]: 0.0%
[2026-02-08T16:59:27.791Z] Real Storage Sync [20770]: 0.0%
[2026-02-08T16:59:29.950Z] Download progress [20770]: 0.0%
[2026-02-08T16:59:33.137Z] Download progress [20771]: 0.0%
[2026-02-08T16:59:34.728Z] Download progress [20770]: 0.0%
[2026-02-08T16:59:36.196Z] Download progress [20770]: 0.0%
[2026-02-08T16:59:38.410Z] Real Storage Sync [20770]: 0.0%
[2026-02-08T16:59:39.393Z] Download progress [20770]: 0.0%
[2026-02-08T16:59:43.849Z] Download progress [20771]: 0.0%
[2026-02-08T16:59:45.353Z] Download progress [20770]: 0.0%
[2026-02-08T16:59:47.389Z] Download progress [20770]: 0.0%
[2026-02-08T16:59:49.280Z] Real Storage Sync [20770]: 0.0%
[2026-02-08T16:59:51.252Z] Download progress [20770]: 0.0%
[2026-02-08T16:59:55.026Z] Download progress [20771]: 0.0%
[2026-02-08T16:59:57.784Z] Download progress [20770]: 0.0%
[2026-02-08T16:59:59.661Z] Download progress [20770]: 0.0%
[2026-02-08T17:00:00.942Z] Real Storage Sync [20770]: 0.0%
[2026-02-08T17:00:02.782Z] Download progress [20770]: 0.0%
[2026-02-08T17:00:07.746Z] Download progress [20771]: 0.0%
[2026-02-08T17:00:09.201Z] Download progress [20770]: 0.0%
[2026-02-08T17:00:10.561Z] Download progress [20770]: 0.0%
[2026-02-08T17:00:12.861Z] Real Storage Sync [20770]: 0.0%
[2026-02-08T17:00:14.371Z] Download progress [20770]: 0.0%
[2026-02-08T17:00:18.124Z] Download progress [20771]: 0.0%
[2026-02-08T17:00:20.687Z] Download progress [20770]: 0.0%
[2026-02-08T17:00:23.011Z] Download progress [20770]: 0.0%
[2026-02-08T17:00:26.363Z] Real Storage Sync [20770]: 0.0%
[2026-02-08T17:00:28.565Z] Download progress [20770]: 0.0%
[2026-02-08T17:00:34.065Z] Download progress [20771]: 0.0%
[2026-02-08T17:00:36.260Z] Download progress [20770]: 0.0%
[2026-02-08T17:00:38.255Z] Download progress [20770]: 0.0%
[2026-02-08T17:00:41.164Z] Real Storage Sync [20770]: 0.0%
[2026-02-08T17:00:43.677Z] Download progress [20770]: 0.0%
[2026-02-08T17:00:48.248Z] Download progress [20771]: 0.0%
[2026-02-08T17:00:50.882Z] Download progress [20770]: 0.0%
[2026-02-08T17:00:54.184Z] Download progress [20770]: 0.0%
[2026-02-08T17:00:56.757Z] Real Storage Sync [20770]: 0.0%
[2026-02-08T17:00:59.614Z] Download progress [20770]: 0.0%
[2026-02-08T17:01:06.398Z] Download progress [20771]: 0.0%
[2026-02-08T17:01:09.610Z] Download progress [20770]: 0.0%
[2026-02-08T17:01:13.047Z] Download progress [20770]: 0.0%
[2026-02-08T17:01:16.386Z] Real Storage Sync [20770]: 0.0%
[2026-02-08T17:01:19.502Z] Download progress [20770]: 0.0%
[2026-02-08T17:01:27.275Z] Download progress [20771]: 0.0%
[2026-02-08T17:01:30.439Z] Download progress [20770]: 0.0%
[2026-02-08T17:01:33.049Z] Download progress [20770]: 0.0%
[2026-02-08T17:01:35.605Z] Real Storage Sync [20770]: 0.0%
[2026-02-08T17:01:38.363Z] Download progress [20770]: 0.0%
[2026-02-08T17:01:41.204Z] Download progress [20771]: 0.0%
[2026-02-08T17:01:42.836Z] Download progress [20770]: 0.0%
[2026-02-08T17:01:44.248Z] Download progress [20770]: 0.0%
[2026-02-08T17:01:46.113Z] Real Storage Sync [20770]: 0.0%
[2026-02-08T17:01:47.583Z] Download progress [20770]: 0.0%
[2026-02-08T17:01:50.761Z] Download progress [20771]: 0.0%
[2026-02-08T17:01:51.573Z] Download progress [20770]: 0.0%
[2026-02-08T17:01:52.825Z] Download progress [20770]: 0.0%
[2026-02-08T17:01:53.978Z] Real Storage Sync [20770]: 0.0%
[2026-02-08T17:01:55.386Z] Download progress [20770]: 0.0%
[2026-02-08T17:01:59.036Z] Download progress [20771]: 0.0%
[2026-02-08T17:02:00.955Z] Download progress [20770]: 0.0%
[2026-02-08T17:02:02.181Z] Download progress [20770]: 0.0%
[2026-02-08T17:02:03.527Z] Real Storage Sync [20770]: 0.0%
[2026-02-08T17:02:05.334Z] Download progress [20770]: 0.0%
[2026-02-08T17:02:08.864Z] Download progress [20771]: 0.0%
[2026-02-08T17:02:09.960Z] Download progress [20770]: 0.0%
[2026-02-08T17:02:11.228Z] Download progress [20770]: 0.0%
[2026-02-08T17:02:12.443Z] Real Storage Sync [20770]: 0.0%
[2026-02-08T17:02:13.725Z] Download progress [20770]: 0.0%
[2026-02-08T17:02:15.364Z] Download progress [20771]: 0.0%
[2026-02-08T17:02:16.217Z] Download progress [20770]: 0.0%
[2026-02-08T17:02:17.572Z] Download progress [20770]: 0.0%
[2026-02-08T17:02:18.707Z] Real Storage Sync [20770]: 0.0%
[2026-02-08T17:02:19.615Z] Download progress [20770]: 0.0%
[2026-02-08T17:02:21.977Z] Download progress [20771]: 0.0%
[2026-02-08T17:02:22.291Z] Download progress [20770]: 0.0%
[2026-02-08T17:02:23.145Z] Download progress [20770]: 0.0%
[2026-02-08T17:02:24.189Z] Real Storage Sync [20770]: 0.0%
[2026-02-08T17:02:24.561Z] Download progress [20770]: 0.0%
[2026-02-08T17:02:26.448Z] Download progress [20771]: 0.0%
[2026-02-08T17:02:27.216Z] Download progress [20770]: 0.0%
[2026-02-08T17:02:28.165Z] Download progress [20770]: 0.0%
[2026-02-08T17:02:29.018Z] Real Storage Sync [20770]: 0.0%
[2026-02-08T17:02:30.091Z] Download progress [20770]: 0.0%
[2026-02-08T17:02:32.127Z] Download progress [20771]: 0.0%
[2026-02-08T17:02:33.102Z] Download progress [20770]: 0.0%
[2026-02-08T17:02:34.018Z] Download progress [20770]: 0.0%
[2026-02-08T17:02:35.159Z] Real Storage Sync [20770]: 0.0%
[2026-02-08T17:02:35.926Z] Download progress [20770]: 0.0%
[2026-02-08T17:02:38.254Z] Download progress [20771]: 0.0%
[2026-02-08T17:02:38.602Z] Download progress [20770]: 0.0%
[2026-02-08T17:02:39.712Z] Download progress [20770]: 0.0%
[2026-02-08T17:02:40.802Z] Real Storage Sync [20770]: 0.0%
[2026-02-08T17:02:41.924Z] Download progress [20770]: 0.0%
[2026-02-08T17:02:44.642Z] Download progress [20771]: 0.0%
[2026-02-08T17:02:45.982Z] Download progress [20770]: 0.0%
[2026-02-08T17:02:47.335Z] Download progress [20770]: 0.0%
[2026-02-08T17:02:48.998Z] Real Storage Sync [20770]: 0.0%
[2026-02-08T17:02:49.450Z] Download progress [20770]: 0.0%
[2026-02-08T17:02:51.837Z] Download progress [20771]: 0.0%
[2026-02-08T17:02:53.207Z] Download progress [20770]: 0.0%
[2026-02-08T17:02:54.505Z] Download progress [20770]: 0.0%
[2026-02-08T17:02:55.867Z] Real Storage Sync [20770]: 0.0%
[2026-02-08T17:02:57.004Z] Download progress [20770]: 0.0%
[2026-02-08T17:02:59.338Z] Download progress [20771]: 0.0%
[2026-02-08T17:03:00.632Z] Download progress [20770]: 0.0%
[2026-02-08T17:03:02.051Z] Download progress [20770]: 0.0%
[2026-02-08T17:03:03.280Z] Real Storage Sync [20770]: 0.0%
[2026-02-08T17:03:05.094Z] Download progress [20770]: 0.0%
[2026-02-08T17:03:08.014Z] Download progress [20771]: 0.0%
[2026-02-08T17:03:09.486Z] Download progress [20770]: 0.0%
[2026-02-08T17:03:10.715Z] Download progress [20770]: 0.0%
[2026-02-08T17:03:12.356Z] Real Storage Sync [20770]: 0.0%
[2026-02-08T17:03:13.861Z] Download progress [20770]: 0.0%
[2026-02-08T17:03:17.003Z] Download progress [20771]: 0.0%
[2026-02-08T17:03:19.142Z] Download progress [20770]: 0.0%
[2026-02-08T17:03:20.450Z] Download progress [20770]: 0.0%
[2026-02-08T17:03:21.505Z] Real Storage Sync [20770]: 0.0%
[2026-02-08T17:03:22.790Z] Download progress [20770]: 0.0%
[2026-02-08T17:03:25.592Z] Download progress [20771]: 0.0%
[2026-02-08T17:03:27.395Z] Download progress [20770]: 0.0%
[2026-02-08T17:03:28.892Z] Download progress [20770]: 0.0%
[2026-02-08T17:03:30.373Z] Real Storage Sync [20770]: 0.0%
[2026-02-08T17:03:31.584Z] Download progress [20770]: 0.0%
[2026-02-08T17:03:34.299Z] Download progress [20771]: 0.0%
[2026-02-08T17:03:35.526Z] Download progress [20770]: 0.0%
[2026-02-08T17:03:36.493Z] Download progress [20770]: 0.0%
[2026-02-08T17:03:38.766Z] Real Storage Sync [20770]: 0.0%
[2026-02-08T17:03:39.611Z] Download progress [20770]: 0.0%
[2026-02-08T17:03:41.960Z] Download progress [20771]: 0.0%
[2026-02-08T17:03:43.681Z] Download progress [20770]: 0.0%
[2026-02-08T17:03:45.560Z] Download progress [20770]: 0.0%
[2026-02-08T17:03:46.745Z] Real Storage Sync [20770]: 0.0%
[2026-02-08T17:03:49.156Z] Download progress [20770]: 0.0%
[2026-02-08T17:03:52.182Z] Download progress [20771]: 0.0%
[2026-02-08T17:03:54.767Z] Download progress [20770]: 0.0%
[2026-02-08T17:03:56.956Z] Download progress [20770]: 0.0%
[2026-02-08T17:03:59.045Z] Real Storage Sync [20770]: 0.0%
[2026-02-08T17:04:01.619Z] Download progress [20770]: 0.0%
[2026-02-08T17:04:07.807Z] Download progress [20771]: 0.0%
[2026-02-08T17:04:10.875Z] Download progress [20770]: 0.0%
[2026-02-08T17:04:12.947Z] Download progress [20770]: 0.0%
[2026-02-08T17:04:15.229Z] Real Storage Sync [20770]: 0.0%
[2026-02-08T17:04:18.494Z] Download progress [20770]: 0.0%
[2026-02-08T17:04:23.908Z] Download progress [20771]: 0.0%
[2026-02-08T17:04:27.030Z] Download progress [20770]: 0.0%
[2026-02-08T17:04:29.845Z] Download progress [20770]: 0.0%
[2026-02-08T17:04:34.513Z] Real Storage Sync [20770]: 0.0%
[2026-02-08T17:04:38.813Z] Download progress [20770]: 0.0%
[2026-02-08T17:04:45.839Z] Download progress [20771]: 0.0%
[2026-02-08T17:04:48.696Z] Download progress [20770]: 0.0%
[2026-02-08T17:04:51.734Z] Download progress [20770]: 0.0%
[2026-02-08T17:04:53.995Z] Real Storage Sync [20770]: 0.0%
[2026-02-08T17:04:55.842Z] Download progress [20770]: 0.0%
[2026-02-08T17:04:58.863Z] Download progress [20771]: 0.0%
[2026-02-08T17:05:00.153Z] Download progress [20770]: 0.0%
[2026-02-08T17:05:01.299Z] Download progress [20770]: 0.0%
[2026-02-08T17:05:02.453Z] Real Storage Sync [20770]: 0.0%
[2026-02-08T17:05:03.442Z] Download progress [20770]: 0.0%
[2026-02-08T17:05:06.171Z] Download progress [20771]: 0.0%
[2026-02-08T17:05:06.914Z] Download progress [20770]: 0.0%
[2026-02-08T17:05:08.146Z] Download progress [20770]: 0.0%
[2026-02-08T17:05:09.150Z] Real Storage Sync [20770]: 0.0%
[2026-02-08T17:05:10.168Z] Download progress [20770]: 0.0%
[2026-02-08T17:05:12.406Z] Download progress [20771]: 0.0%
[2026-02-08T17:05:13.659Z] Download progress [20770]: 0.0%
[2026-02-08T17:05:15.104Z] Download progress [20770]: 0.0%
[2026-02-08T17:05:16.314Z] Real Storage Sync [20770]: 0.0%
[2026-02-08T17:05:18.012Z] Download progress [20770]: 0.0%
[2026-02-08T17:05:20.376Z] Download progress [20771]: 0.0%
[2026-02-08T17:05:21.492Z] Download progress [20770]: 0.0%
[2026-02-08T17:05:22.979Z] Download progress [20770]: 0.0%
[2026-02-08T17:05:23.765Z] Real Storage Sync [20770]: 0.0%
[2026-02-08T17:05:25.081Z] Download progress [20770]: 0.0%
[2026-02-08T17:05:27.609Z] Download progress [20771]: 0.0%
[2026-02-08T17:05:28.813Z] Download progress [20770]: 0.0%
[2026-02-08T17:05:30.048Z] Download progress [20770]: 0.0%
[2026-02-08T17:05:31.347Z] Real Storage Sync [20770]: 0.0%
[2026-02-08T17:05:32.688Z] Download progress [20770]: 0.0%
[2026-02-08T17:05:36.205Z] Download progress [20771]: 0.0%
[2026-02-08T17:05:37.570Z] Download progress [20770]: 0.0%
[2026-02-08T17:05:38.999Z] Download progress [20770]: 0.0%
[2026-02-08T17:05:40.286Z] Real Storage Sync [20770]: 0.0%
[2026-02-08T17:05:41.419Z] Download progress [20770]: 0.0%
[2026-02-08T17:05:44.882Z] Download progress [20771]: 0.0%
[2026-02-08T17:05:46.888Z] Download progress [20770]: 0.0%
[2026-02-08T17:05:49.176Z] Download progress [20770]: 0.0%
[2026-02-08T17:05:51.171Z] Real Storage Sync [20770]: 0.0%
[2026-02-08T17:05:52.471Z] Download progress [20770]: 0.0%
[2026-02-08T17:05:55.680Z] Download progress [20771]: 0.0%
